c:\users\ajklb\source\repos\winmaster wrapper\winmaster wrapper\x64\debug\winmaster wrapper.pch
c:\users\ajklb\source\repos\winmaster wrapper\x64\debug\winmaster wrapper.pdb
c:\users\ajklb\source\repos\winmaster wrapper\x64\debug\winmaster wrapper.idb
c:\users\ajklb\source\repos\winmaster wrapper\winmaster wrapper\x64\debug\pch.obj
c:\users\ajklb\source\repos\winmaster wrapper\winmaster wrapper\x64\debug\winmaster wrapper.obj
c:\users\ajklb\source\repos\winmaster wrapper\winmaster wrapper\x64\debug\uch.obj
c:\users\ajklb\source\repos\winmaster wrapper\x64\debug\winmaster wrapper.lib
c:\users\ajklb\desktop\winmaster-wrapper\winmaster wrapper\winmaster wrapper\x64\debug\pch.obj
c:\users\ajklb\desktop\winmaster-wrapper\winmaster wrapper\winmaster wrapper\x64\debug\uch.obj
c:\users\ajklb\desktop\winmaster-wrapper\winmaster wrapper\winmaster wrapper\x64\debug\winmaster wrapper.obj
c:\users\ajklb\desktop\winmaster-wrapper\winmaster wrapper\winmaster wrapper\x64\debug\winmaster wrapper.pch
c:\users\ajklb\desktop\winmaster-wrapper\winmaster wrapper\x64\debug\winmaster wrapper.pdb
c:\users\ajklb\desktop\winmaster-wrapper\winmaster wrapper\x64\debug\winmaster wrapper.lib
c:\users\ajklb\desktop\winmaster-wrapper\winmaster wrapper\winmaster wrapper\x64\debug\winmaste.9efe9f21.tlog\cl.command.1.tlog
c:\users\ajklb\desktop\winmaster-wrapper\winmaster wrapper\winmaster wrapper\x64\debug\winmaste.9efe9f21.tlog\cl.items.tlog
c:\users\ajklb\desktop\winmaster-wrapper\winmaster wrapper\winmaster wrapper\x64\debug\winmaste.9efe9f21.tlog\cl.read.1.tlog
c:\users\ajklb\desktop\winmaster-wrapper\winmaster wrapper\winmaster wrapper\x64\debug\winmaste.9efe9f21.tlog\cl.write.1.tlog
c:\users\ajklb\desktop\winmaster-wrapper\winmaster wrapper\winmaster wrapper\x64\debug\winmaste.9efe9f21.tlog\lib-link.read.1.tlog
c:\users\ajklb\desktop\winmaster-wrapper\winmaster wrapper\winmaster wrapper\x64\debug\winmaste.9efe9f21.tlog\lib-link.write.1.tlog
c:\users\ajklb\desktop\winmaster-wrapper\winmaster wrapper\winmaster wrapper\x64\debug\winmaste.9efe9f21.tlog\lib.command.1.tlog
